c:\users\robert\downloads\notifu-src-1.6\notifu\debug\notifu.pch.codeanalysis
c:\users\robert\downloads\notifu-src-1.6\notifu\debug\vc120.pdb
c:\users\robert\downloads\notifu-src-1.6\notifu\debug\vc120.idb
c:\users\robert\downloads\notifu-src-1.6\notifu\debug\notifu.pch.codeanalysisast
c:\users\robert\downloads\notifu-src-1.6\notifu\debug\versioninfo.nativecodeanalysis.xml
c:\users\robert\downloads\notifu-src-1.6\notifu\debug\versioninfo.obj
c:\users\robert\downloads\notifu-src-1.6\notifu\debug\usernotificationcallback.nativecodeanalysis.xml
c:\users\robert\downloads\notifu-src-1.6\notifu\debug\usernotificationcallback.obj
c:\users\robert\downloads\notifu-src-1.6\notifu\debug\serialize.nativecodeanalysis.xml
c:\users\robert\downloads\notifu-src-1.6\notifu\debug\serialize.obj
c:\users\robert\downloads\notifu-src-1.6\notifu\debug\registryfix.nativecodeanalysis.xml
c:\users\robert\downloads\notifu-src-1.6\notifu\debug\registryfix.obj
c:\users\robert\downloads\notifu-src-1.6\notifu\debug\querycontinueoneinstance.nativecodeanalysis.xml
c:\users\robert\downloads\notifu-src-1.6\notifu\debug\querycontinueoneinstance.obj
c:\users\robert\downloads\notifu-src-1.6\notifu\debug\querycontinue.nativecodeanalysis.xml
c:\users\robert\downloads\notifu-src-1.6\notifu\debug\querycontinue.obj
c:\users\robert\downloads\notifu-src-1.6\notifu\debug\notifyuser.nativecodeanalysis.xml
c:\users\robert\downloads\notifu-src-1.6\notifu\debug\notifyuser.obj
c:\users\robert\downloads\notifu-src-1.6\notifu\debug\notifu.nativecodeanalysis.xml
c:\users\robert\downloads\notifu-src-1.6\notifu\debug\notifu.obj
c:\users\robert\downloads\notifu-src-1.6\notifu\debug\icon.nativecodeanalysis.xml
c:\users\robert\downloads\notifu-src-1.6\notifu\debug\icon.obj
c:\users\robert\downloads\notifu-src-1.6\notifu\debug\commandlineparser.nativecodeanalysis.xml
c:\users\robert\downloads\notifu-src-1.6\notifu\debug\commandlineparser.obj
c:\users\robert\downloads\notifu-src-1.6\notifu\debug\commandline.nativecodeanalysis.xml
c:\users\robert\downloads\notifu-src-1.6\notifu\debug\commandline.obj
c:\users\robert\downloads\notifu-src-1.6\notifu\debug\notifu.pch
c:\users\robert\downloads\notifu-src-1.6\notifu\debug\settings.nativecodeanalysis.xml
c:\users\robert\downloads\notifu-src-1.6\notifu\debug\trace.nativecodeanalysis.xml
c:\users\robert\downloads\notifu-src-1.6\notifu\debug\trace.obj
c:\users\robert\downloads\notifu-src-1.6\notifu\debug\settings.obj
c:\users\robert\downloads\notifu-src-1.6\notifu\debug\stdafx.nativecodeanalysis.xml
c:\users\robert\downloads\notifu-src-1.6\notifu\debug\stdafx.obj
c:\users\robert\downloads\notifu-src-1.6\debug\notifu.ilk
c:\users\robert\downloads\notifu-src-1.6\debug\notifu.exe
c:\users\robert\downloads\notifu-src-1.6\debug\notifu.pdb
c:\users\robert\downloads\notifu-src-1.6\notifu\debug\notifu.res
c:\users\robert\downloads\notifu-src-1.6\notifu\debug\notifu.tlog\cl.command.1.tlog
c:\users\robert\downloads\notifu-src-1.6\notifu\debug\notifu.tlog\cl.read.1.tlog
c:\users\robert\downloads\notifu-src-1.6\notifu\debug\notifu.tlog\cl.write.1.tlog
c:\users\robert\downloads\notifu-src-1.6\notifu\debug\notifu.tlog\link.command.1.tlog
c:\users\robert\downloads\notifu-src-1.6\notifu\debug\notifu.tlog\link.read.1.tlog
c:\users\robert\downloads\notifu-src-1.6\notifu\debug\notifu.tlog\link.write.1.tlog
c:\users\robert\downloads\notifu-src-1.6\notifu\debug\notifu.tlog\rc.command.1.tlog
c:\users\robert\downloads\notifu-src-1.6\notifu\debug\notifu.tlog\rc.read.1.tlog
c:\users\robert\downloads\notifu-src-1.6\notifu\debug\notifu.tlog\rc.write.1.tlog
